{"level":"DEBUG","location":"[get_call:140] fyersModel","message":{"Status Code":401,"API":"/positions"},"timestamp":"2025-11-12 16:27:28,682+0530","service":"FyersAPIRequest"}
{"level":"DEBUG","location":"[get_call:140] fyersModel","message":{"Status Code":401,"API":"/history"},"timestamp":"2025-11-12 16:27:29,432+0530","service":"FyersAPIRequest"}
{"level":"DEBUG","location":"[get_call:140] fyersModel","message":{"Status Code":401,"API":"/history"},"timestamp":"2025-11-12 16:27:30,165+0530","service":"FyersAPIRequest"}
{"level":"DEBUG","location":"[get_call:140] fyersModel","message":{"Status Code":401,"API":"/positions"},"timestamp":"2025-11-12 16:35:29,127+0530","service":"FyersAPIRequest"}
{"level":"DEBUG","location":"[get_call:140] fyersModel","message":{"Status Code":401,"API":"/history"},"timestamp":"2025-11-12 16:35:30,097+0530","service":"FyersAPIRequest"}
{"level":"DEBUG","location":"[get_call:140] fyersModel","message":{"Status Code":401,"API":"/history"},"timestamp":"2025-11-12 16:35:31,092+0530","service":"FyersAPIRequest"}
{"level":"DEBUG","location":"[get_call:140] fyersModel","message":{"Status Code":401,"API":"/positions"},"timestamp":"2025-11-12 16:42:35,858+0530","service":"FyersAPIRequest"}
{"level":"DEBUG","location":"[get_call:140] fyersModel","message":{"Status Code":401,"API":"/history"},"timestamp":"2025-11-12 16:42:36,570+0530","service":"FyersAPIRequest"}
{"level":"DEBUG","location":"[get_call:140] fyersModel","message":{"Status Code":401,"API":"/history"},"timestamp":"2025-11-12 16:42:37,265+0530","service":"FyersAPIRequest"}
{"level":"DEBUG","location":"[get_call:140] fyersModel","message":{"Status Code":401,"API":"/positions"},"timestamp":"2025-11-12 16:43:02,149+0530","service":"FyersAPIRequest"}
{"level":"DEBUG","location":"[get_call:140] fyersModel","message":{"Status Code":401,"API":"/history"},"timestamp":"2025-11-12 16:43:02,898+0530","service":"FyersAPIRequest"}
{"level":"DEBUG","location":"[get_call:140] fyersModel","message":{"Status Code":401,"API":"/history"},"timestamp":"2025-11-12 16:43:03,603+0530","service":"FyersAPIRequest"}
{"level":"DEBUG","location":"[get_call:140] fyersModel","message":{"Status Code":401,"API":"/profile"},"timestamp":"2025-11-12 16:46:18,075+0530","service":"FyersAPIRequest"}
{"level":"DEBUG","location":"[get_call:140] fyersModel","message":{"Status Code":401,"API":"/profile"},"timestamp":"2025-11-12 16:51:38,311+0530","service":"FyersAPIRequest"}
{"level":"DEBUG","location":"[get_call:140] fyersModel","message":{"Status Code":401,"API":"/profile"},"timestamp":"2025-11-12 16:53:11,572+0530","service":"FyersAPIRequest"}
{"level":"DEBUG","location":"[get_call:140] fyersModel","message":{"Status Code":400,"API":"/profile"},"timestamp":"2025-11-12 16:54:36,481+0530","service":"FyersAPIRequest"}
{"level":"DEBUG","location":"[get_call:140] fyersModel","message":{"Status Code":400,"API":"/profile"},"timestamp":"2025-11-12 16:56:38,793+0530","service":"FyersAPIRequest"}
{"level":"DEBUG","location":"[get_call:140] fyersModel","message":{"Status Code":401,"API":"/positions"},"timestamp":"2025-11-12 16:57:25,928+0530","service":"FyersAPIRequest"}
{"level":"DEBUG","location":"[get_call:140] fyersModel","message":{"Status Code":401,"API":"/history"},"timestamp":"2025-11-12 16:57:26,662+0530","service":"FyersAPIRequest"}
{"level":"DEBUG","location":"[get_call:140] fyersModel","message":{"Status Code":401,"API":"/history"},"timestamp":"2025-11-12 16:57:27,429+0530","service":"FyersAPIRequest"}
{"level":"DEBUG","location":"[get_call:140] fyersModel","message":{"Status Code":401,"API":"/positions"},"timestamp":"2025-11-12 17:58:59,160+0530","service":"FyersAPIRequest"}
{"level":"DEBUG","location":"[get_call:140] fyersModel","message":{"Status Code":401,"API":"/history"},"timestamp":"2025-11-12 17:59:00,011+0530","service":"FyersAPIRequest"}
{"level":"DEBUG","location":"[get_call:140] fyersModel","message":{"Status Code":401,"API":"/history"},"timestamp":"2025-11-12 17:59:00,717+0530","service":"FyersAPIRequest"}
{"level":"DEBUG","location":"[get_call:140] fyersModel","message":{"Status Code":200,"API":"/positions"},"timestamp":"2025-11-12 17:59:17,451+0530","service":"FyersAPIRequest"}
{"level":"DEBUG","location":"[get_call:140] fyersModel","message":{"Status Code":422,"API":"/history"},"timestamp":"2025-11-12 17:59:18,200+0530","service":"FyersAPIRequest"}
{"level":"DEBUG","location":"[get_call:140] fyersModel","message":{"Status Code":422,"API":"/history"},"timestamp":"2025-11-12 17:59:18,963+0530","service":"FyersAPIRequest"}
{"level":"DEBUG","location":"[get_call:140] fyersModel","message":{"Status Code":200,"API":"/positions"},"timestamp":"2025-11-12 17:59:37,558+0530","service":"FyersAPIRequest"}
{"level":"DEBUG","location":"[get_call:140] fyersModel","message":{"Status Code":422,"API":"/history"},"timestamp":"2025-11-12 17:59:38,302+0530","service":"FyersAPIRequest"}
{"level":"DEBUG","location":"[get_call:140] fyersModel","message":{"Status Code":422,"API":"/history"},"timestamp":"2025-11-12 17:59:39,273+0530","service":"FyersAPIRequest"}
{"level":"DEBUG","location":"[get_call:140] fyersModel","message":{"Status Code":401,"API":"/positions"},"timestamp":"2025-11-12 18:13:36,801+0530","service":"FyersAPIRequest"}
{"level":"DEBUG","location":"[get_call:140] fyersModel","message":{"Status Code":401,"API":"/positions"},"timestamp":"2025-11-12 18:14:11,586+0530","service":"FyersAPIRequest"}
{"level":"DEBUG","location":"[get_call:140] fyersModel","message":{"Status Code":401,"API":"/positions"},"timestamp":"2025-11-12 18:25:48,112+0530","service":"FyersAPIRequest"}
{"level":"DEBUG","location":"[get_call:140] fyersModel","message":{"Status Code":200,"API":"/positions"},"timestamp":"2025-11-12 18:27:20,915+0530","service":"FyersAPIRequest"}
{"level":"DEBUG","location":"[get_call:140] fyersModel","message":{"Status Code":200,"API":"/positions"},"timestamp":"2025-11-12 18:47:41,746+0530","service":"FyersAPIRequest"}
{"level":"DEBUG","location":"[get_call:140] fyersModel","message":{"Status Code":200,"API":"/positions"},"timestamp":"2025-11-12 18:52:22,947+0530","service":"FyersAPIRequest","taskName":"Task-1"}
{"level":"DEBUG","location":"[get_call:140] fyersModel","message":{"Status Code":200,"API":"/positions"},"timestamp":"2025-11-12 18:54:41,373+0530","service":"FyersAPIRequest"}
{"level":"DEBUG","location":"[get_call:140] fyersModel","message":{"Status Code":200,"API":"/positions"},"timestamp":"2025-11-12 19:56:12,353+0530","service":"FyersAPIRequest"}
{"level":"DEBUG","location":"[get_call:140] fyersModel","message":{"Status Code":401,"API":"/positions"},"timestamp":"2025-11-12 20:00:59,853+0530","service":"FyersAPIRequest"}
{"level":"DEBUG","location":"[get_call:140] fyersModel","message":{"Status Code":200,"API":"/positions"},"timestamp":"2025-11-12 20:01:43,041+0530","service":"FyersAPIRequest"}
{"level":"DEBUG","location":"[get_call:140] fyersModel","message":{"Status Code":200,"API":"/positions"},"timestamp":"2025-11-12 20:13:01,245+0530","service":"FyersAPIRequest"}
{"level":"DEBUG","location":"[get_call:140] fyersModel","message":{"Status Code":200,"API":"/positions"},"timestamp":"2025-11-12 20:19:20,969+0530","service":"FyersAPIRequest"}
{"level":"DEBUG","location":"[get_call:140] fyersModel","message":{"Status Code":200,"API":"/positions"},"timestamp":"2025-11-12 20:21:51,980+0530","service":"FyersAPIRequest"}
{"level":"DEBUG","location":"[get_call:140] fyersModel","message":{"Status Code":200,"API":"/positions"},"timestamp":"2025-11-12 20:23:05,774+0530","service":"FyersAPIRequest"}
{"level":"DEBUG","location":"[get_call:140] fyersModel","message":{"Status Code":200,"API":"/positions"},"timestamp":"2025-11-12 20:25:54,695+0530","service":"FyersAPIRequest"}
{"level":"DEBUG","location":"[get_call:140] fyersModel","message":{"Status Code":401,"API":"/positions"},"timestamp":"2025-11-13 12:10:46,326+0530","service":"FyersAPIRequest"}
{"level":"DEBUG","location":"[get_call:140] fyersModel","message":{"Status Code":401,"API":"/positions"},"timestamp":"2025-11-13 12:38:02,323+0530","service":"FyersAPIRequest"}
{"level":"DEBUG","location":"[get_call:140] fyersModel","message":{"Status Code":401,"API":"/positions"},"timestamp":"2025-11-13 12:41:41,707+0530","service":"FyersAPIRequest"}
{"level":"DEBUG","location":"[get_call:140] fyersModel","message":{"Status Code":200,"API":"/positions"},"timestamp":"2025-11-13 12:44:32,681+0530","service":"FyersAPIRequest"}
{"level":"DEBUG","location":"[get_call:140] fyersModel","message":{"Status Code":200,"API":"/positions"},"timestamp":"2025-11-13 12:46:10,823+0530","service":"FyersAPIRequest"}
{"level":"DEBUG","location":"[get_call:140] fyersModel","message":{"Status Code":200,"API":"/positions"},"timestamp":"2025-11-15 11:45:29,553+0530","service":"FyersAPIRequest"}
{"level":"DEBUG","location":"[get_call:140] fyersModel","message":{"Status Code":200,"API":"/positions"},"timestamp":"2025-11-15 09:47:04,202+0000","service":"FyersAPIRequest"}
{"level":"DEBUG","location":"[get_call:140] fyersModel","message":{"Status Code":200,"API":"/funds"},"timestamp":"2025-11-17 18:10:43,590+0000","service":"FyersAPIRequest"}
{"level":"DEBUG","location":"[get_call:140] fyersModel","message":{"Status Code":200,"API":"/funds"},"timestamp":"2025-11-17 18:13:53,949+0000","service":"FyersAPIRequest"}
{"level":"DEBUG","location":"[get_call:140] fyersModel","message":{"Status Code":200,"API":"/funds"},"timestamp":"2025-11-17 18:14:43,869+0000","service":"FyersAPIRequest"}
{"level":"DEBUG","location":"[get_call:140] fyersModel","message":{"Status Code":200,"API":"/funds"},"timestamp":"2025-11-17 18:21:17,743+0000","service":"FyersAPIRequest"}
{"level":"DEBUG","location":"[get_call:140] fyersModel","message":{"Status Code":200,"API":"/positions"},"timestamp":"2025-11-20 11:06:58,962+0000","service":"FyersAPIRequest"}
{"level":"DEBUG","location":"[get_call:140] fyersModel","message":{"Status Code":200,"API":"/positions"},"timestamp":"2025-11-20 11:15:59,048+0000","service":"FyersAPIRequest"}
{"level":"DEBUG","location":"[get_call:140] fyersModel","message":{"Status Code":200,"API":"/funds"},"timestamp":"2025-11-20 14:25:54,589+0000","service":"FyersAPIRequest"}
