{"level":"ERROR","location":"[get_call:146] fyersModel","message":{"API":"/positions","Error":{"code":-16,"message":"Could not authenticate the user","s":"error"}},"timestamp":"2025-11-12 16:27:28,682+0530","service":"FyersAPI"}
{"level":"ERROR","location":"[get_call:146] fyersModel","message":{"API":"/history","Error":{"code":-16,"message":"Could not authenticate the user","s":"error"}},"timestamp":"2025-11-12 16:27:29,433+0530","service":"FyersAPI"}
{"level":"ERROR","location":"[get_call:146] fyersModel","message":{"API":"/history","Error":{"code":-16,"message":"Could not authenticate the user","s":"error"}},"timestamp":"2025-11-12 16:27:30,165+0530","service":"FyersAPI"}
{"level":"ERROR","location":"[get_call:146] fyersModel","message":{"API":"/positions","Error":{"code":-16,"message":"Could not authenticate the user","s":"error"}},"timestamp":"2025-11-12 16:35:29,127+0530","service":"FyersAPI"}
{"level":"ERROR","location":"[get_call:146] fyersModel","message":{"API":"/history","Error":{"code":-16,"message":"Could not authenticate the user","s":"error"}},"timestamp":"2025-11-12 16:35:30,117+0530","service":"FyersAPI"}
{"level":"ERROR","location":"[get_call:146] fyersModel","message":{"API":"/history","Error":{"code":-16,"message":"Could not authenticate the user","s":"error"}},"timestamp":"2025-11-12 16:35:31,092+0530","service":"FyersAPI"}
{"level":"ERROR","location":"[get_call:146] fyersModel","message":{"API":"/positions","Error":{"code":-16,"message":"Could not authenticate the user","s":"error"}},"timestamp":"2025-11-12 16:42:35,860+0530","service":"FyersAPI"}
{"level":"ERROR","location":"[get_call:146] fyersModel","message":{"API":"/history","Error":{"code":-16,"message":"Could not authenticate the user","s":"error"}},"timestamp":"2025-11-12 16:42:36,570+0530","service":"FyersAPI"}
{"level":"ERROR","location":"[get_call:146] fyersModel","message":{"API":"/history","Error":{"code":-16,"message":"Could not authenticate the user","s":"error"}},"timestamp":"2025-11-12 16:42:37,265+0530","service":"FyersAPI"}
{"level":"ERROR","location":"[get_call:146] fyersModel","message":{"API":"/positions","Error":{"code":-16,"message":"Could not authenticate the user","s":"error"}},"timestamp":"2025-11-12 16:43:02,163+0530","service":"FyersAPI"}
{"level":"ERROR","location":"[get_call:146] fyersModel","message":{"API":"/history","Error":{"code":-16,"message":"Could not authenticate the user","s":"error"}},"timestamp":"2025-11-12 16:43:02,898+0530","service":"FyersAPI"}
{"level":"ERROR","location":"[get_call:146] fyersModel","message":{"API":"/history","Error":{"code":-16,"message":"Could not authenticate the user","s":"error"}},"timestamp":"2025-11-12 16:43:03,603+0530","service":"FyersAPI"}
{"level":"ERROR","location":"[get_call:146] fyersModel","message":{"API":"/profile","Error":{"s":"error","code":-17,"message":"Could not authenticate the user"}},"timestamp":"2025-11-12 16:46:18,075+0530","service":"FyersAPI"}
{"level":"ERROR","location":"[get_call:146] fyersModel","message":{"API":"/profile","Error":{"s":"error","code":-17,"message":"Could not authenticate the user"}},"timestamp":"2025-11-12 16:51:38,311+0530","service":"FyersAPI"}
{"level":"ERROR","location":"[get_call:146] fyersModel","message":{"API":"/profile","Error":{"s":"error","code":-17,"message":"Could not authenticate the user"}},"timestamp":"2025-11-12 16:53:11,572+0530","service":"FyersAPI"}
{"level":"ERROR","location":"[get_call:146] fyersModel","message":{"API":"/profile","Error":{"s":"error","code":-209,"message":"Please provide the validation parameter"}},"timestamp":"2025-11-12 16:54:36,481+0530","service":"FyersAPI"}
{"level":"ERROR","location":"[get_call:146] fyersModel","message":{"API":"/profile","Error":{"s":"error","code":-209,"message":"Please provide the validation parameter"}},"timestamp":"2025-11-12 16:56:38,799+0530","service":"FyersAPI"}
{"level":"ERROR","location":"[get_call:146] fyersModel","message":{"API":"/positions","Error":{"code":-16,"message":"Could not authenticate the user","s":"error"}},"timestamp":"2025-11-12 16:57:25,928+0530","service":"FyersAPI"}
{"level":"ERROR","location":"[get_call:146] fyersModel","message":{"API":"/history","Error":{"code":-16,"message":"Could not authenticate the user","s":"error"}},"timestamp":"2025-11-12 16:57:26,662+0530","service":"FyersAPI"}
{"level":"ERROR","location":"[get_call:146] fyersModel","message":{"API":"/history","Error":{"code":-16,"message":"Could not authenticate the user","s":"error"}},"timestamp":"2025-11-12 16:57:27,429+0530","service":"FyersAPI"}
{"level":"ERROR","location":"[get_call:146] fyersModel","message":{"API":"/positions","Error":{"code":-16,"message":"Could not authenticate the user","s":"error"}},"timestamp":"2025-11-12 17:58:59,160+0530","service":"FyersAPI"}
{"level":"ERROR","location":"[get_call:146] fyersModel","message":{"API":"/history","Error":{"code":-16,"message":"Could not authenticate the user","s":"error"}},"timestamp":"2025-11-12 17:59:00,011+0530","service":"FyersAPI"}
{"level":"ERROR","location":"[get_call:146] fyersModel","message":{"API":"/history","Error":{"code":-16,"message":"Could not authenticate the user","s":"error"}},"timestamp":"2025-11-12 17:59:00,717+0530","service":"FyersAPI"}
{"level":"ERROR","location":"[get_call:146] fyersModel","message":{"API":"/history","Error":{"code":-50,"data":{"date_format":"must be provided","from":"from range cannot be greater than to range","range_from":"must be provided","range_to":"must be provided"},"message":"Invalid input","s":"error"}},"timestamp":"2025-11-12 17:59:18,200+0530","service":"FyersAPI"}
{"level":"ERROR","location":"[get_call:146] fyersModel","message":{"API":"/history","Error":{"code":-50,"data":{"date_format":"must be provided","from":"from range cannot be greater than to range","range_from":"must be provided","range_to":"must be provided"},"message":"Invalid input","s":"error"}},"timestamp":"2025-11-12 17:59:18,963+0530","service":"FyersAPI"}
{"level":"ERROR","location":"[get_call:146] fyersModel","message":{"API":"/history","Error":{"code":-50,"data":{"date_format":"must be provided","from":"from range cannot be greater than to range","range_from":"must be provided","range_to":"must be provided"},"message":"Invalid input","s":"error"}},"timestamp":"2025-11-12 17:59:38,302+0530","service":"FyersAPI"}
{"level":"ERROR","location":"[get_call:146] fyersModel","message":{"API":"/history","Error":{"code":-50,"data":{"date_format":"must be provided","from":"from range cannot be greater than to range","range_from":"must be provided","range_to":"must be provided"},"message":"Invalid input","s":"error"}},"timestamp":"2025-11-12 17:59:39,273+0530","service":"FyersAPI"}
{"level":"ERROR","location":"[get_call:146] fyersModel","message":{"API":"/positions","Error":{"code":-16,"message":"Could not authenticate the user","s":"error"}},"timestamp":"2025-11-12 18:13:36,801+0530","service":"FyersAPI"}
{"level":"ERROR","location":"[get_call:146] fyersModel","message":{"API":"/positions","Error":{"code":-16,"message":"Could not authenticate the user","s":"error"}},"timestamp":"2025-11-12 18:14:11,586+0530","service":"FyersAPI"}
{"level":"ERROR","location":"[get_call:146] fyersModel","message":{"API":"/positions","Error":{"code":-16,"message":"Could not authenticate the user","s":"error"}},"timestamp":"2025-11-12 18:25:48,112+0530","service":"FyersAPI"}
{"level":"ERROR","location":"[get_call:146] fyersModel","message":{"API":"/positions","Error":{"code":-16,"message":"Could not authenticate the user","s":"error"}},"timestamp":"2025-11-12 20:00:59,853+0530","service":"FyersAPI"}
{"level":"ERROR","location":"[get_call:146] fyersModel","message":{"API":"/positions","Error":{"code":-16,"message":"Could not authenticate the user","s":"error"}},"timestamp":"2025-11-13 12:10:46,326+0530","service":"FyersAPI"}
{"level":"ERROR","location":"[get_call:146] fyersModel","message":{"API":"/positions","Error":{"code":-16,"message":"Could not authenticate the user","s":"error"}},"timestamp":"2025-11-13 12:38:02,323+0530","service":"FyersAPI"}
{"level":"ERROR","location":"[get_call:146] fyersModel","message":{"API":"/positions","Error":{"code":-16,"message":"Could not authenticate the user","s":"error"}},"timestamp":"2025-11-13 12:41:41,707+0530","service":"FyersAPI"}
